build/app/build/outputs/mapping/release/seeds.txt
com.kutirakushala.activities.MainActivity
com.kutirakushala.activities.BusinessDetailActivity$3
com.kutirakushala.adapters.BusinessAdapter
com.kutirakushala.databinding.ActivityAddProductBinding
com.kutirakushala.databinding.ActivityAddBusinessBinding
com.kutirakushala.R$layout
com.kutirakushala.adapters.ProductAdapter
com.kutirakushala.activities.BusinessDetailActivity$2
com.kutirakushala.activities.SearchActivity$2
com.kutirakushala.activities.AddBusinessActivity$3
com.kutirakushala.activities.MainActivity$1
com.kutirakushala.adapters.BusinessAdapter$BusinessViewHolder
com.kutirakushala.R$id
com.kutirakushala.utils.LocaleHelper
com.kutirakushala.R$font
com.kutirakushala.R$string
com.kutirakushala.models.Business
com.kutirakushala.activities.AddProductActivity$1
com.kutirakushala.activities.BusinessDetailActivity$1
com.kutirakushala.adapters.BusinessAdapter$OnBusinessClickListener
com.kutirakushala.databinding.ActivityMainBinding
com.kutirakushala.R$color
com.kutirakushala.databinding.ItemBusinessCardBinding
com.kutirakushala.R$mipmap
com.kutirakushala.databinding.ItemProductCardBinding
com.kutirakushala.activities.BusinessDetailActivity
com.kutirakushala.R$drawable
com.kutirakushala.activities.AddBusinessActivity$1
com.kutirakushala.R$style
com.kutirakushala.databinding.ActivitySearchBinding
com.kutirakushala.utils.FirebaseHelper$OnCompleteListener
com.kutirakushala.databinding.ActivityBusinessDetailBinding
com.kutirakushala.databinding.DialogUpdateCapacityBinding
com.kutirakushala.activities.AddProductActivity
com.kutirakushala.activities.SearchActivity
com.kutirakushala.adapters.ProductAdapter$ProductViewHolder
com.kutirakushala.activities.AddProductActivity$2
com.kutirakushala.activities.AddBusinessActivity
com.kutirakushala.activities.LanguageSelectionActivity
com.kutirakushala.activities.SplashActivity
com.kutirakushala.databinding.ActivitySplashBinding
com.kutirakushala.R
com.kutirakushala.databinding.ActivityLanguageSelectionBinding
com.kutirakushala.utils.FirebaseHelper
com.kutirakushala.activities.AddBusinessActivity$2
com.kutirakushala.models.Product
com.kutirakushala.activities.SearchActivity$1
com.kutirakushala.activities.AddBusinessActivity$2: com.kutirakushala.models.Business val$business
com.kutirakushala.activities.BusinessDetailActivity$1: com.kutirakushala.activities.BusinessDetailActivity this$0
com.kutirakushala.R$string: int label_workshop_photo
com.kutirakushala.activities.AddBusinessActivity: android.net.Uri profileImageUri
com.kutirakushala.R$font: int noto_sans_devanagari
com.kutirakushala.activities.AddProductActivity: java.lang.String businessId
com.kutirakushala.R$string: int update_capacity
com.kutirakushala.databinding.ItemBusinessCardBinding: androidx.cardview.widget.CardView rootView
com.kutirakushala.R$drawable: int bg_status_accepting
com.kutirakushala.activities.BusinessDetailActivity: com.kutirakushala.databinding.ActivityBusinessDetailBinding binding
com.kutirakushala.R$id: int etOwnerName
com.kutirakushala.activities.AddBusinessActivity$1: com.kutirakushala.models.Business val$business
com.kutirakushala.R$string: int units_available
com.kutirakushala.R$drawable: int bg_spinner
com.kutirakushala.databinding.ActivitySearchBinding: android.widget.ProgressBar progressBar
com.kutirakushala.R$id: int cardEnglish
com.kutirakushala.R$id: int tvBulkPrice
com.kutirakushala.R$string: int tagline_english
com.kutirakushala.R$color: int purple_500
com.kutirakushala.databinding.ActivityAddBusinessBinding: com.google.android.material.textfield.TextInputEditText etLocation
com.kutirakushala.R$id: int cardView
com.kutirakushala.R$string: int error_failed_to_save
com.kutirakushala.adapters.BusinessAdapter$BusinessViewHolder: com.kutirakushala.adapters.BusinessAdapter this$0
com.kutirakushala.R$string: int btn_select_profile_photo
com.kutirakushala.activities.AddProductActivity$2: com.kutirakushala.activities.AddProductActivity this$0
...
com.google.android.gms.internal.firebase-auth-api.zzahb: zzahb()
com.google.android.material.textfield.TextInputLayout: void setBoxBackgroundColorResource(int)
com.google.android.gms.fido.u2f.api.common.zzi: java.lang.Object[] newArray(int)
com.google.android.gms.internal.firebase-auth-api.zzts: void zzb(com.google.android.gms.internal.firebase-auth-api.zzts,com.google.android.gms.internal.firebase-auth-api.zzaho)
com.google.firebase.firestore.model.TargetIndexMatcher: boolean hasMultipleInequality()
com.google.android.gms.auth.GoogleAuthException: GoogleAuthException(java.lang.String,java.lang.Throwable)
com.google.android.gms.common.api.GoogleApiClient: void zao(com.google.android.gms.common.api.internal.zada)
com.google.android.gms.internal.firebase-auth-api.zzdj$zza: com.google.android.gms.internal.firebase-auth-api.zzdj$zza zza(com.google.android.gms.internal.firebase-auth-api.zzxw)
com.google.firebase.firestore.remote.RemoteSerializer: java.lang.String encodeQueryPath(com.google.firebase.firestore.model.ResourcePath)
com.google.firebase.firestore.proto.UnknownDocument$Builder: java.lang.String getName()
com.google.android.gms.dynamite.DynamiteModule$VersionPolicy$SelectionResult: DynamiteModule$VersionPolicy$SelectionResult()
androidx.fragment.app.Fragment: androidx.fragment.app.FragmentManager getParentFragmentManager()
com.google.android.gms.fido.fido2.api.common.zzx: java.lang.Object createFromParcel(android.os.Parcel)
com.google.android.gms.internal.auth.zzhh: boolean zzf(java.lang.Object,long)
com.google.android.gms.auth.api.phone.SmsRetriever: com.google.android.gms.auth.api.phone.SmsRetrieverClient getClient(android.app.Activity)
com.google.android.gms.fido.fido2.api.common.AuthenticatorAttestationResponse: java.lang.String toString()
com.google.firebase.firestore.remote.AutoValue_TestingHooks_ExistenceFilterMismatchInfo: AutoValue_TestingHooks_ExistenceFilterMismatchInfo(int,int,java.lang.String,java.lang.String,com.google.firebase.firestore.remote.TestingHooks$ExistenceFilterBloomFilterInfo)
com.google.firebase.components.R: R()
com.google.android.gms.internal.auth-api.zbd: void zbd(com.google.android.gms.common.api.Status,java.lang.String)
com.google.android.gms.common.api.internal.PendingResultFacade: com.google.android.gms.common.api.Result await()
com.google.android.gms.internal.firebase-auth-api.zzail: long zzl()
com.google.android.gms.internal.firebase-auth-api.zzyl: void zzd(java.lang.String,java.lang.String,com.google.android.gms.internal.firebase-auth-api.zzacf)
com.google.firebase.firestore.index.FirestoreIndexValueWriter: void writeUnlabeledIndexString(java.lang.String,com.google.firebase.firestore.index.DirectionalIndexByteEncoder)
com.google.android.recaptcha.internal.zzge: zzge()
com.google.android.gms.common.moduleinstall.ModuleInstallClient: com.google.android.gms.tasks.Task areModulesAvailable(com.google.android.gms.common.api.OptionalModuleApi[])
com.google.android.recaptcha.internal.zzkt: int zza(java.util.List)
androidx.core.view.ViewGroupCompat$Api21Impl: void setTransitionGroup(android.view.ViewGroup,boolean)
com.google.android.gms.internal.common.zzag: int lastIndexOf(java.lang.Object)
com.google.firebase.storage.UploadTask: void run()
io.grpc.internal.ClientStreamListener$RpcProgress: io.grpc.internal.ClientStreamListener$RpcProgress valueOf(java.lang.String)
com.google.android.play.core.integrity.e: java.lang.String toString()
com.google.android.gms.internal.firebase-auth-api.zzafc: com.google.android.gms.internal.firebase-auth-api.zzafc zzb(java.lang.String)
com.google.android.recaptcha.internal.zzft: zzft(java.lang.String,char[],byte[],boolean)
com.google.android.gms.internal.firebase-auth-api.zzyl: void zza(com.google.android.gms.internal.firebase-auth-api.zzyl,com.google.android.gms.internal.firebase-auth-api.zzagu,com.google.android.gms.internal.firebase-auth-api.zzacf,com.google.android.gms.internal.firebase-auth-api.zzadn)