build/app/build/outputs/mapping/release/usage.txt
androidx.transition.Fade:
    public static void captureStartValues$androidx$transition$Visibility()
    public static float getStartAlpha(androidx.transition.TransitionValues,float)
    public static android.animation.Animator onAppear()
    public static android.animation.Animator onAppear$1()
    public static android.animation.Animator onDisappear()
    public final android.animation.ObjectAnimator onDisappear(android.view.View,androidx.transition.TransitionValues)
    public static void setMode()
androidx.transition.FragmentTransitionSupport:
    public static boolean hasSimpleTarget(androidx.transition.Transition)
    public final void removeTarget(java.lang.Object,android.view.View)
androidx.transition.ObjectAnimatorUtils
androidx.transition.PathMotion
androidx.transition.PropertyValuesHolderUtils
androidx.transition.R$id
androidx.transition.RectEvaluator
androidx.transition.Scene$$InternalSyntheticThrowCCEIfNotNull$8$609c9d7894870d522ef82b362bb91d4d3817c43bb45ecb5cd382e87bb1468c6d$0
androidx.transition.Scene
androidx.transition.Transition:
    public boolean mCanRemoveViews
    public java.util.ArrayList mTargetChildExcludes
    public java.util.ArrayList mTargetExcludes
    public java.util.ArrayList mTargetIdChildExcludes
    public java.util.ArrayList mTargetIdExcludes
    public java.util.ArrayList mTargetNameExcludes
    public java.util.ArrayList mTargetNames
    public java.util.ArrayList mTargetTypeChildExcludes
    public java.util.ArrayList mTargetTypeExcludes
    public java.util.ArrayList mTargetTypes
    public abstract void animate()
    public abstract void cancel()
    public abstract long getDuration()
    public abstract androidx.transition.Transition$EpicenterCallback getEpicenterCallback()
    public abstract android.animation.TimeInterpolator getInterpolator()
    public abstract java.lang.String getName()
    public abstract androidx.transition.Transition$1 getPathMotion()
    public abstract androidx.transition.TransitionPropagation getPropagation()
    public abstract long getStartDelay()
    public abstract java.util.List getTargetIds()
    public abstract java.util.List getTargetNames()
    public abstract java.util.List getTargetTypes()
    public abstract java.util.List getTargets()
    public abstract void playTransition()
androidx.transition.TransitionManager$MultiListener:
    public final void removeListeners()
androidx.transition.TransitionPropagation
androidx.transition.TransitionSet:
    public static androidx.transition.TransitionSet addListener()
    public static androidx.transition.TransitionSet addTarget()
    public final void addTransitionInternal(androidx.transition.Transition)
    public final androidx.transition.Transition getTransitionAt(int)
    public static int getTransitionCount()
    public static androidx.transition.TransitionSet removeListener()
    public static androidx.transition.TransitionSet removeTarget()
    public static androidx.transition.TransitionSet setDuration()
    public static androidx.transition.TransitionSet setInterpolator()
    public final void setOrdering()
    public static androidx.transition.TransitionSet setStartDelay()
androidx.transition.TransitionUtils:
    public static final boolean HAS_IS_ATTACHED_TO_WINDOW
    public static final boolean HAS_OVERLAY
androidx.transition.ViewGroupOverlayApi18
androidx.transition.ViewGroupOverlayImpl
androidx.transition.ViewGroupUtils:
    static void <clinit>()
androidx.transition.ViewOverlayApi18
androidx.transition.ViewOverlayImpl
androidx.transition.ViewUtils$1:
    public static java.lang.Float get()
    public static void set()
androidx.transition.ViewUtils$2:
    public static android.graphics.Rect get()
    public static void set()
androidx.transition.ViewUtils:
    public static void setTransitionAlpha(android.view.View,float)
    public static void setTransitionVisibility(android.view.View,int)